Base path: 'C:/Program Files/Unity/Hub/Editor/2019.4.6f1/Editor/Data', plugins path 'C:/Program Files/Unity/Hub/Editor/2019.4.6f1/Editor/Data/PlaybackEngines'
Cmd: initializeCompiler
Cmd: compileComputeKernel
  api=4 insize=18731 outsize=8523 ok=1
Cmd: compileComputeKernel
  api=4 insize=1505 outsize=603 ok=1
Cmd: compileComputeKernel
  api=4 insize=7960 outsize=1494 ok=1
Cmd: compileComputeKernel
  api=4 insize=9919 outsize=1879 ok=1
Cmd: compileComputeKernel
  api=4 insize=9919 outsize=2058 ok=1
Cmd: compileComputeKernel
  api=4 insize=11176 outsize=10585 ok=1
Cmd: compileComputeKernel
  api=4 insize=47665 outsize=1662 ok=1
Cmd: compileComputeKernel
  api=4 insize=47665 outsize=1305 ok=1
Cmd: compileComputeKernel
  api=4 insize=47665 outsize=1316 ok=1
Cmd: compileComputeKernel
  api=4 insize=47665 outsize=1359 ok=1
Cmd: compileComputeKernel
  api=4 insize=47665 outsize=1916 ok=1
Cmd: compileComputeKernel
  api=4 insize=47665 outsize=1337 ok=1
Cmd: compileComputeKernel
  api=4 insize=29386 outsize=680 ok=1
Cmd: compileComputeKernel
  api=4 insize=29386 outsize=1005 ok=1
Cmd: compileComputeKernel
  api=4 insize=29386 outsize=844 ok=1
Cmd: compileComputeKernel
  api=4 insize=29386 outsize=811 ok=1
Cmd: compileComputeKernel
  api=4 insize=29386 outsize=1856 ok=1
Cmd: compileComputeKernel
  api=4 insize=29386 outsize=1460 ok=1
Cmd: compileComputeKernel
  api=4 insize=29386 outsize=1216 ok=1
Cmd: compileComputeKernel
  api=4 insize=31899 outsize=4373 ok=1
Cmd: compileComputeKernel
  api=4 insize=4119 outsize=1745 ok=1
Cmd: compileSnippet
  api=4 type=0 insize=2104 outsize=1118 kw=DIRECTIONAL UNITY_HDR_ON pd=UNITY_ENABLE_REFLECTION_BUFFERS UNITY_USE_DITHER_MASK_FOR_ALPHABLENDED_SHADOWS UNITY_PBS_USE_BRDF1 UNITY_SPECCUBE_BOX_PROJECTION UNITY_SPECCUBE_BLENDING UNITY_ENABLE_DETAIL_NORMALMAP SHADER_API_DESKTOP UNITY_COLORSPACE_GAMMA UNITY_LIGHT_PROBE_PROXY_VOLUME UNITY_LIGHTMAP_FULL_HDR ok=1
Cmd: compileSnippet
  api=4 type=1 insize=3555 outsize=2946 kw= pd=UNITY_ENABLE_REFLECTION_BUFFERS UNITY_USE_DITHER_MASK_FOR_ALPHABLENDED_SHADOWS UNITY_PBS_USE_BRDF1 UNITY_SPECCUBE_BOX_PROJECTION UNITY_SPECCUBE_BLENDING UNITY_ENABLE_DETAIL_NORMALMAP SHADER_API_DESKTOP UNITY_COLORSPACE_GAMMA UNITY_LIGHT_PROBE_PROXY_VOLUME UNITY_LIGHTMAP_FULL_HDR ok=1
Cmd: compileSnippet
  api=4 type=0 insize=2295 outsize=858 kw= pd=UNITY_ENABLE_REFLECTION_BUFFERS UNITY_USE_DITHER_MASK_FOR_ALPHABLENDED_SHADOWS UNITY_PBS_USE_BRDF1 UNITY_SPECCUBE_BOX_PROJECTION UNITY_SPECCUBE_BLENDING UNITY_ENABLE_DETAIL_NORMALMAP SHADER_API_DESKTOP UNITY_COLORSPACE_GAMMA UNITY_LIGHT_PROBE_PROXY_VOLUME UNITY_LIGHTMAP_FULL_HDR ok=1
Cmd: compileSnippet
  api=4 type=0 insize=1402 outsize=1218 kw=UNITY_PASS_FORWARDBASE _EMISSION SOFTPARTICLES_ON _ALPHABLEND_ON pd=UNITY_ENABLE_REFLECTION_BUFFERS UNITY_USE_DITHER_MASK_FOR_ALPHABLENDED_SHADOWS UNITY_PBS_USE_BRDF1 UNITY_SPECCUBE_BOX_PROJECTION UNITY_SPECCUBE_BLENDING UNITY_ENABLE_DETAIL_NORMALMAP SHADER_API_DESKTOP UNITY_COLORSPACE_GAMMA UNITY_LIGHT_PROBE_PROXY_VOLUME UNITY_LIGHTMAP_FULL_HDR ok=1
Cmd: compileSnippet
  api=4 type=1 insize=4008 outsize=6898 kw=FXAA_LOW pd=UNITY_ENABLE_REFLECTION_BUFFERS UNITY_USE_DITHER_MASK_FOR_ALPHABLENDED_SHADOWS UNITY_PBS_USE_BRDF1 UNITY_SPECCUBE_BOX_PROJECTION UNITY_SPECCUBE_BLENDING UNITY_ENABLE_DETAIL_NORMALMAP SHADER_API_DESKTOP UNITY_COLORSPACE_GAMMA UNITY_LIGHT_PROBE_PROXY_VOLUME UNITY_LIGHTMAP_FULL_HDR ok=1
